#
# There is insufficient memory for the Java Runtime Environment to continue.
# Native memory allocation (mmap) failed to map 65536 bytes for Failed to commit metaspace.
# Possible reasons:
#   The system is out of physical RAM or swap space
#   The process is running with CompressedOops enabled, and the Java Heap may be blocking the growth of the native heap
# Possible solutions:
#   Reduce memory load on the system
#   Increase physical memory or swap space
#   Check if swap backing store is full
#   Decrease Java heap size (-Xmx/-Xms)
#   Decrease number of Java threads
#   Decrease Java thread stack sizes (-Xss)
#   Set larger code cache with -XX:ReservedCodeCacheSize=
#   JVM is running with Unscaled Compressed Oops mode in which the Java heap is
#     placed in the first 4GB address space. The Java Heap base address is the
#     maximum limit for the native heap growth. Please use -XX:HeapBaseMinAddress
#     to set the Java Heap base and to place the Java Heap above 4GB virtual address.
# This output file may be truncated or incomplete.
#
#  Out of Memory Error (virtualSpaceNode.cpp:110), pid=8564, tid=9900
#
# JRE version: Java(TM) SE Runtime Environment (17.0.2+8) (build 17.0.2+8-LTS-86)
# Java VM: Java HotSpot(TM) 64-Bit Server VM (17.0.2+8-LTS-86, mixed mode, emulated-client, sharing, tiered, compressed oops, compressed class ptrs, g1 gc, windows-amd64)
# No core dump will be written. Minidumps are not enabled by default on client versions of Windows
#

---------------  S U M M A R Y ------------

Command Line: -XX:TieredStopAtLevel=1 -Dspring.output.ansi.enabled=always -Dcom.sun.management.jmxremote -Dspring.jmx.enabled=true -Dspring.liveBeansView.mbeanDomain -Dspring.application.admin.enabled=true -javaagent:D:\Java Ultimate\IntelliJ IDEA 2022.2.3\lib\idea_rt.jar=63231:D:\Java Ultimate\IntelliJ IDEA 2022.2.3\bin -Dfile.encoding=UTF-8 com.spring.demo.DemoApplication

Host: 11th Gen Intel(R) Core(TM) i3-1125G4 @ 2.00GHz, 8 cores, 7G,  Windows 10 , 64 bit Build 18362 (10.0.18362.329)
Time: Sat Dec 17 18:42:30 2022 RTZ 2 (зима) elapsed time: 2.418146 seconds (0d 0h 0m 2s)

---------------  T H R E A D  ---------------

Current thread (0x00000215746373b0):  JavaThread "main" [_thread_in_vm, id=9900, stack(0x000000881a900000,0x000000881aa00000)]

Stack: [0x000000881a900000,0x000000881aa00000]
Native frames: (J=compiled Java code, j=interpreted, Vv=VM code, C=native code)
V  [jvm.dll+0x670baa]
V  [jvm.dll+0x7cfcb4]
V  [jvm.dll+0x7d145e]
V  [jvm.dll+0x7d1ac3]
V  [jvm.dll+0x242bc5]
V  [jvm.dll+0x7cbc5b]
V  [jvm.dll+0x616966]
V  [jvm.dll+0x1be3ee]
V  [jvm.dll+0x6192a1]
V  [jvm.dll+0x617306]
V  [jvm.dll+0x23718f]
V  [jvm.dll+0x621015]
V  [jvm.dll+0x1e7e2b]
V  [jvm.dll+0x1e8365]
V  [jvm.dll+0x1e8d9f]
V  [jvm.dll+0x1de251]
V  [jvm.dll+0x537c30]
V  [jvm.dll+0x74ad28]
V  [jvm.dll+0x74ae14]
V  [jvm.dll+0x408cc5]
V  [jvm.dll+0x40ed18]
C  [java.dll+0x17ec]

Java frames: (J=compiled Java code, j=interpreted, Vv=VM code)
J 1215  java.lang.ClassLoader.defineClass1(Ljava/lang/ClassLoader;Ljava/lang/String;[BIILjava/security/ProtectionDomain;Ljava/lang/String;)Ljava/lang/Class; java.base@17.0.2 (0 bytes) @ 0x00000215004745e3 [0x0000021500474520+0x00000000000000c3]
J 1303 c1 java.lang.ClassLoader.defineClass(Ljava/lang/String;[BIILjava/security/ProtectionDomain;)Ljava/lang/Class; java.base@17.0.2 (43 bytes) @ 0x000002150049895c [0x0000021500498860+0x00000000000000fc]
J 1237 c1 jdk.internal.loader.BuiltinClassLoader.defineClass(Ljava/lang/String;Ljdk/internal/loader/Resource;)Ljava/lang/Class; java.base@17.0.2 (121 bytes) @ 0x0000021500480fe4 [0x0000021500480b20+0x00000000000004c4]
J 1217 c1 jdk.internal.loader.BuiltinClassLoader.findClassOnClassPathOrNull(Ljava/lang/String;)Ljava/lang/Class; java.base@17.0.2 (64 bytes) @ 0x0000021500475834 [0x0000021500475580+0x00000000000002b4]
J 970 c1 jdk.internal.loader.BuiltinClassLoader.loadClassOrNull(Ljava/lang/String;Z)Ljava/lang/Class; java.base@17.0.2 (143 bytes) @ 0x000002150037de5c [0x000002150037da00+0x000000000000045c]
J 1107 c1 jdk.internal.loader.ClassLoaders$AppClassLoader.loadClass(Ljava/lang/String;Z)Ljava/lang/Class; java.base@17.0.2 (40 bytes) @ 0x00000215004450a4 [0x0000021500444f60+0x0000000000000144]
J 1102 c1 java.lang.ClassLoader.loadClass(Ljava/lang/String;)Ljava/lang/Class; java.base@17.0.2 (7 bytes) @ 0x0000021500443d64 [0x0000021500443d20+0x0000000000000044]
v  ~StubRoutines::call_stub
j  org.postgresql.jdbc.PgConnection.prepareStatement(Ljava/lang/String;III)Ljava/sql/PreparedStatement;+4
j  org.postgresql.jdbc.PgConnection.prepareStatement(Ljava/lang/String;II)Ljava/sql/PreparedStatement;+12
j  org.postgresql.jdbc.PgConnection.prepareStatement(Ljava/lang/String;)Ljava/sql/PreparedStatement;+8
j  org.postgresql.jdbc.PgConnection.isValid(I)Z+133
j  com.zaxxer.hikari.pool.PoolBase.checkValidationSupport(Ljava/sql/Connection;)V+9
j  com.zaxxer.hikari.pool.PoolBase.checkDriverSupport(Ljava/sql/Connection;)V+9
j  com.zaxxer.hikari.pool.PoolBase.setupConnection(Ljava/sql/Connection;)V+81
j  com.zaxxer.hikari.pool.PoolBase.newConnection()Ljava/sql/Connection;+71
j  com.zaxxer.hikari.pool.PoolBase.newPoolEntry()Lcom/zaxxer/hikari/pool/PoolEntry;+5
j  com.zaxxer.hikari.pool.HikariPool.createPoolEntry()Lcom/zaxxer/hikari/pool/PoolEntry;+1
j  com.zaxxer.hikari.pool.HikariPool.checkFailFast()V+20
j  com.zaxxer.hikari.pool.HikariPool.<init>(Lcom/zaxxer/hikari/HikariConfig;)V+128
j  com.zaxxer.hikari.HikariDataSource.getConnection()Ljava/sql/Connection;+100
j  org.springframework.jdbc.datasource.DataSourceUtils.fetchConnection(Ljavax/sql/DataSource;)Ljava/sql/Connection;+1
j  org.springframework.jdbc.datasource.DataSourceUtils.doGetConnection(Ljavax/sql/DataSource;)Ljava/sql/Connection;+77
j  org.springframework.jdbc.datasource.DataSourceUtils.getConnection(Ljavax/sql/DataSource;)Ljava/sql/Connection;+1
j  org.springframework.jdbc.core.JdbcTemplate.execute(Lorg/springframework/jdbc/core/ConnectionCallback;)Ljava/lang/Object;+10
j  org.springframework.boot.jdbc.EmbeddedDatabaseConnection.isEmbedded(Ljavax/sql/DataSource;)Z+16
j  org.springframework.boot.jdbc.init.DataSourceScriptDatabaseInitializer.isEmbeddedDatabase()Z+4
j  org.springframework.boot.sql.init.AbstractScriptDatabaseInitializer.isEnabled()Z+29
j  org.springframework.boot.sql.init.AbstractScriptDatabaseInitializer.initializeDatabase()Z+1
j  org.springframework.boot.sql.init.AbstractScriptDatabaseInitializer.afterPropertiesSet()V+1
j  org.springframework.beans.factory.support.AbstractAutowireCapableBeanFactory.invokeInitMethods(Ljava/lang/String;Ljava/lang/Object;Lorg/springframework/beans/factory/support/RootBeanDefinition;)V+106
j  org.springframework.beans.factory.support.AbstractAutowireCapableBeanFactory.initializeBean(Ljava/lang/String;Ljava/lang/Object;Lorg/springframework/beans/factory/support/RootBeanDefinition;)Ljava/lang/Object;+59
j  org.springframework.beans.factory.support.AbstractAutowireCapableBeanFactory.doCreateBean(Ljava/lang/String;Lorg/springframework/beans/factory/support/RootBeanDefinition;[Ljava/lang/Object;)Ljava/lang/Object;+245
j  org.springframework.beans.factory.support.AbstractAutowireCapableBeanFactory.createBean(Ljava/lang/String;Lorg/springframework/beans/factory/support/RootBeanDefinition;[Ljava/lang/Object;)Ljava/lang/Object;+169
j  org.springframework.beans.factory.support.AbstractBeanFactory.lambda$doGetBean$0(Ljava/lang/String;Lorg/springframework/beans/factory/support/RootBeanDefinition;[Ljava/lang/Object;)Ljava/lang/Object;+4
j  org.springframework.beans.factory.support.AbstractBeanFactory$$Lambda$289+0x0000000800dd9fa8.getObject()Ljava/lang/Object;+16
j  org.springframework.beans.factory.support.DefaultSingletonBeanRegistry.getSingleton(Ljava/lang/String;Lorg/springframework/beans/factory/ObjectFactory;)Ljava/lang/Object;+132
J 3120 c1 org.springframework.beans.factory.support.AbstractBeanFactory.doGetBean(Ljava/lang/String;Ljava/lang/Class;[Ljava/lang/Object;Z)Ljava/lang/Object; (832 bytes) @ 0x000002150077acd4 [0x000002150077a700+0x00000000000005d4]
J 3120 c1 org.springframework.beans.factory.support.AbstractBeanFactory.doGetBean(Ljava/lang/String;Ljava/lang/Class;[Ljava/lang/Object;Z)Ljava/lang/Object; (832 bytes) @ 0x000002150077ab1c [0x000002150077a700+0x000000000000041c]
j  org.springframework.beans.factory.support.AbstractBeanFactory.getBean(Ljava/lang/String;)Ljava/lang/Object;+5
j  org.springframework.context.support.AbstractApplicationContext.getBean(Ljava/lang/String;)Ljava/lang/Object;+9
j  org.springframework.context.support.AbstractApplicationContext.finishBeanFactoryInitialization(Lorg/springframework/beans/factory/config/ConfigurableListableBeanFactory;)V+100
j  org.springframework.context.support.AbstractApplicationContext.refresh()V+86
j  org.springframework.boot.web.servlet.context.ServletWebServerApplicationContext.refresh()V+1
j  org.springframework.boot.SpringApplication.refresh(Lorg/springframework/context/ConfigurableApplicationContext;)V+1
j  org.springframework.boot.SpringApplication.refreshContext(Lorg/springframework/context/ConfigurableApplicationContext;)V+16
j  org.springframework.boot.SpringApplication.run([Ljava/lang/String;)Lorg/springframework/context/ConfigurableApplicationContext;+111
j  org.springframework.boot.SpringApplication.run([Ljava/lang/Class;[Ljava/lang/String;)Lorg/springframework/context/ConfigurableApplicationContext;+9
j  org.springframework.boot.SpringApplication.run(Ljava/lang/Class;[Ljava/lang/String;)Lorg/springframework/context/ConfigurableApplicationContext;+9
j  com.spring.demo.DemoApplication.main([Ljava/lang/String;)V+3
v  ~StubRoutines::call_stub

---------------  P R O C E S S  ---------------

Threads class SMR info:
_java_thread_list=0x000002150bc01ab0, length=22, elements={
0x00000215746373b0, 0x000002157f544200, 0x000002157f547ff0, 0x000002157f5587c0,
0x000002157f558c90, 0x000002157f559900, 0x000002157f559dd0, 0x000002157f564bb0,
0x000002157f567870, 0x000002150986d2a0, 0x0000021509871840, 0x00000215098763f0,
0x0000021509c6a160, 0x0000021509c6a630, 0x0000021509da8c80, 0x0000021509eed5a0,
0x000002150b6d1da0, 0x000002150b6e2810, 0x000002150b9f2020, 0x000002150bae1790,
0x000002150ba5e040, 0x000002150bbd8450
}

Java Threads: ( => current thread )
=>0x00000215746373b0 JavaThread "main" [_thread_in_vm, id=9900, stack(0x000000881a900000,0x000000881aa00000)]
  0x000002157f544200 JavaThread "Reference Handler" daemon [_thread_blocked, id=8168, stack(0x000000881b000000,0x000000881b100000)]
  0x000002157f547ff0 JavaThread "Finalizer" daemon [_thread_blocked, id=9580, stack(0x000000881b100000,0x000000881b200000)]
  0x000002157f5587c0 JavaThread "Signal Dispatcher" daemon [_thread_blocked, id=12980, stack(0x000000881b200000,0x000000881b300000)]
  0x000002157f558c90 JavaThread "Attach Listener" daemon [_thread_blocked, id=2492, stack(0x000000881b300000,0x000000881b400000)]
  0x000002157f559900 JavaThread "Service Thread" daemon [_thread_blocked, id=12628, stack(0x000000881b400000,0x000000881b500000)]
  0x000002157f559dd0 JavaThread "Monitor Deflation Thread" daemon [_thread_blocked, id=2456, stack(0x000000881b500000,0x000000881b600000)]
  0x000002157f564bb0 JavaThread "C1 CompilerThread0" daemon [_thread_blocked, id=8748, stack(0x000000881b600000,0x000000881b700000)]
  0x000002157f567870 JavaThread "Sweeper thread" daemon [_thread_blocked, id=8180, stack(0x000000881b700000,0x000000881b800000)]
  0x000002150986d2a0 JavaThread "Common-Cleaner" daemon [_thread_blocked, id=13304, stack(0x000000881b800000,0x000000881b900000)]
  0x0000021509871840 JavaThread "C1 CompilerThread1" daemon [_thread_blocked, id=10928, stack(0x000000881b900000,0x000000881ba00000)]
  0x00000215098763f0 JavaThread "C1 CompilerThread2" daemon [_thread_blocked, id=11756, stack(0x000000881ba00000,0x000000881bb00000)]
  0x0000021509c6a160 JavaThread "Monitor Ctrl-Break" daemon [_thread_in_native, id=4940, stack(0x000000881bb00000,0x000000881bc00000)]
  0x0000021509c6a630 JavaThread "Notification Thread" daemon [_thread_blocked, id=11876, stack(0x000000881bc00000,0x000000881bd00000)]
  0x0000021509da8c80 JavaThread "RMI TCP Accept-0" daemon [_thread_in_native, id=7424, stack(0x000000881bd00000,0x000000881be00000)]
  0x0000021509eed5a0 JavaThread "C1 CompilerThread3" daemon [_thread_blocked, id=9916, stack(0x000000881bf00000,0x000000881c000000)]
  0x000002150b6d1da0 JavaThread "RMI TCP Connection(2)-192.168.1.103" daemon [_thread_in_native, id=376, stack(0x000000881ca00000,0x000000881cb00000)]
  0x000002150b6e2810 JavaThread "RMI Scheduler(0)" daemon [_thread_blocked, id=13084, stack(0x000000881cb00000,0x000000881cc00000)]
  0x000002150b9f2020 JavaThread "RMI TCP Connection(3)-192.168.1.103" daemon [_thread_in_native, id=13156, stack(0x000000881cc00000,0x000000881cd00000)]
  0x000002150bae1790 JavaThread "Catalina-utility-1" [_thread_blocked, id=12932, stack(0x000000881cd00000,0x000000881ce00000)]
  0x000002150ba5e040 JavaThread "Catalina-utility-2" [_thread_blocked, id=8520, stack(0x000000881ce00000,0x000000881cf00000)]
  0x000002150bbd8450 JavaThread "container-0" [_thread_blocked, id=12648, stack(0x000000881cf00000,0x000000881d000000)]

Other Threads:
  0x000002157f53dc40 VMThread "VM Thread" [stack: 0x000000881af00000,0x000000881b000000] [id=13616]
  0x0000021574637f10 WatcherThread [stack: 0x000000881be00000,0x000000881bf00000] [id=11908]
  0x0000021574674c00 GCTaskThread "GC Thread#0" [stack: 0x000000881aa00000,0x000000881ab00000] [id=8024]
  0x000002150a0efb80 GCTaskThread "GC Thread#1" [stack: 0x000000881c000000,0x000000881c100000] [id=13668]
  0x000002150a11f140 GCTaskThread "GC Thread#2" [stack: 0x000000881c100000,0x000000881c200000] [id=6680]
  0x000002150a171cb0 GCTaskThread "GC Thread#3" [stack: 0x000000881c200000,0x000000881c300000] [id=10648]
  0x000002150a171f60 GCTaskThread "GC Thread#4" [stack: 0x000000881c300000,0x000000881c400000] [id=10680]
  0x000002150a17a220 GCTaskThread "GC Thread#5" [stack: 0x000000881c400000,0x000000881c500000] [id=3244]
  0x000002150a183720 GCTaskThread "GC Thread#6" [stack: 0x000000881c500000,0x000000881c600000] [id=2800]
  0x000002150a1831c0 GCTaskThread "GC Thread#7" [stack: 0x000000881c600000,0x000000881c700000] [id=8868]
  0x0000021574684620 ConcurrentGCThread "G1 Main Marker" [stack: 0x000000881ab00000,0x000000881ac00000] [id=10440]
  0x000002157454c820 ConcurrentGCThread "G1 Conc#0" [stack: 0x000000881ac00000,0x000000881ad00000] [id=10668]
  0x000002150a183c80 ConcurrentGCThread "G1 Conc#1" [stack: 0x000000881c900000,0x000000881ca00000] [id=6244]
  0x000002157f3f0090 ConcurrentGCThread "G1 Refine#0" [stack: 0x000000881ad00000,0x000000881ae00000] [id=10752]
  0x000002150a11dae0 ConcurrentGCThread "G1 Refine#1" [stack: 0x000000881c700000,0x000000881c800000] [id=2608]
  0x00000215099c3c10 ConcurrentGCThread "G1 Refine#2" [stack: 0x000000881c800000,0x000000881c900000] [id=13384]
  0x000002157f3f04d0 ConcurrentGCThread "G1 Service" [stack: 0x000000881ae00000,0x000000881af00000] [id=3912]

Threads with active compile tasks:

VM state: not at safepoint (normal execution)

VM Mutex/Monitor currently owned by a thread:  ([mutex/lock_event])
[0x0000021574631210] Metaspace_lock - owner thread: 0x00000215746373b0

Heap address: 0x0000000085800000, size: 1960 MB, Compressed Oops mode: 32-bit

CDS archive(s) mapped at: [0x0000000800000000-0x0000000800bc0000-0x0000000800bc0000), size 12320768, SharedBaseAddress: 0x0000000800000000, ArchiveRelocationMode: 0.
Compressed class space mapped at: 0x0000000800c00000-0x0000000840c00000, reserved size: 1073741824
Narrow klass base: 0x0000000800000000, Narrow klass shift: 0, Narrow klass range: 0x100000000

GC Precious Log:
 CPUs: 8 total, 8 available
 Memory: 7834M
 Large Page Support: Disabled
 NUMA Support: Disabled
 Compressed Oops: Enabled (32-bit)
 Heap Region Size: 1M
 Heap Min Capacity: 8M
 Heap Initial Capacity: 124M
 Heap Max Capacity: 1960M
 Pre-touch: Disabled
 Parallel Workers: 8
 Concurrent Workers: 2
 Concurrent Refinement Workers: 8
 Periodic GC: Disabled

Heap:
 garbage-first heap   total 96256K, used 36799K [0x0000000085800000, 0x0000000100000000)
  region size 1024K, 24 young (24576K), 3 survivors (3072K)
 Metaspace       used 31376K, committed 31680K, reserved 1081344K
  class space    used 4395K, committed 4544K, reserved 1048576K

Heap Regions: E=young(eden), S=young(survivor), O=old, HS=humongous(starts), HC=humongous(continues), CS=collection set, F=free, OA=open archive, CA=closed archive, TAMS=top-at-mark-start (previous, next)
|   0|0x0000000085800000, 0x0000000085900000, 0x0000000085900000|100%|HS|  |TAMS 0x0000000085900000, 0x0000000085800000| Complete 
|   1|0x0000000085900000, 0x0000000085a00000, 0x0000000085a00000|100%| O|  |TAMS 0x0000000085a00000, 0x0000000085900000| Untracked 
|   2|0x0000000085a00000, 0x0000000085b00000, 0x0000000085b00000|100%| O|  |TAMS 0x0000000085b00000, 0x0000000085a00000| Untracked 
|   3|0x0000000085b00000, 0x0000000085c00000, 0x0000000085c00000|100%| O|  |TAMS 0x0000000085c00000, 0x0000000085b00000| Untracked 
|   4|0x0000000085c00000, 0x0000000085d00000, 0x0000000085d00000|100%| O|  |TAMS 0x0000000085d00000, 0x0000000085c00000| Untracked 
|   5|0x0000000085d00000, 0x0000000085e00000, 0x0000000085e00000|100%| O|  |TAMS 0x0000000085e00000, 0x0000000085d00000| Untracked 
|   6|0x0000000085e00000, 0x0000000085f00000, 0x0000000085f00000|100%| O|  |TAMS 0x0000000085f00000, 0x0000000085e00000| Untracked 
|   7|0x0000000085f00000, 0x0000000085f00000, 0x0000000086000000|  0%| F|  |TAMS 0x0000000085f00000, 0x0000000085f00000| Untracked 
|   8|0x0000000086000000, 0x0000000086100000, 0x0000000086100000|100%| O|  |TAMS 0x0000000086000000, 0x0000000086000000| Untracked 
|   9|0x0000000086100000, 0x0000000086200000, 0x0000000086200000|100%| O|  |TAMS 0x0000000086100000, 0x0000000086100000| Untracked 
|  10|0x0000000086200000, 0x0000000086300000, 0x0000000086300000|100%| O|  |TAMS 0x0000000086200000, 0x0000000086200000| Untracked 
|  11|0x0000000086300000, 0x0000000086300000, 0x0000000086400000|  0%| F|  |TAMS 0x0000000086300000, 0x0000000086300000| Untracked 
|  12|0x0000000086400000, 0x0000000086400000, 0x0000000086500000|  0%| F|  |TAMS 0x0000000086400000, 0x0000000086400000| Untracked 
|  13|0x0000000086500000, 0x0000000086500000, 0x0000000086600000|  0%| F|  |TAMS 0x0000000086500000, 0x0000000086500000| Untracked 
|  14|0x0000000086600000, 0x0000000086600000, 0x0000000086700000|  0%| F|  |TAMS 0x0000000086600000, 0x0000000086600000| Untracked 
|  15|0x0000000086700000, 0x0000000086700000, 0x0000000086800000|  0%| F|  |TAMS 0x0000000086700000, 0x0000000086700000| Untracked 
|  16|0x0000000086800000, 0x0000000086800000, 0x0000000086900000|  0%| F|  |TAMS 0x0000000086800000, 0x0000000086800000| Untracked 
|  17|0x0000000086900000, 0x0000000086900000, 0x0000000086a00000|  0%| F|  |TAMS 0x0000000086900000, 0x0000000086900000| Untracked 
|  18|0x0000000086a00000, 0x0000000086b00000, 0x0000000086b00000|100%| O|  |TAMS 0x0000000086a00000, 0x0000000086a00000| Untracked 
|  19|0x0000000086b00000, 0x0000000086c00000, 0x0000000086c00000|100%| O|  |TAMS 0x0000000086b00000, 0x0000000086b00000| Untracked 
|  20|0x0000000086c00000, 0x0000000086d00000, 0x0000000086d00000|100%| O|  |TAMS 0x0000000086c00000, 0x0000000086c00000| Untracked 
|  21|0x0000000086d00000, 0x0000000086da4400, 0x0000000086e00000| 64%| O|  |TAMS 0x0000000086d00000, 0x0000000086d00000| Untracked 
|  22|0x0000000086e00000, 0x0000000086e00000, 0x0000000086f00000|  0%| F|  |TAMS 0x0000000086e00000, 0x0000000086e00000| Untracked 
|  23|0x0000000086f00000, 0x0000000086f00000, 0x0000000087000000|  0%| F|  |TAMS 0x0000000086f00000, 0x0000000086f00000| Untracked 
|  24|0x0000000087000000, 0x0000000087000000, 0x0000000087100000|  0%| F|  |TAMS 0x0000000087000000, 0x0000000087000000| Untracked 
|  25|0x0000000087100000, 0x000000008714baf0, 0x0000000087200000| 29%| S|CS|TAMS 0x0000000087100000, 0x0000000087100000| Complete 
|  26|0x0000000087200000, 0x0000000087300000, 0x0000000087300000|100%| S|CS|TAMS 0x0000000087200000, 0x0000000087200000| Complete 
|  27|0x0000000087300000, 0x0000000087400000, 0x0000000087400000|100%| S|CS|TAMS 0x0000000087300000, 0x0000000087300000| Complete 
|  28|0x0000000087400000, 0x0000000087400000, 0x0000000087500000|  0%| F|  |TAMS 0x0000000087400000, 0x0000000087400000| Untracked 
|  29|0x0000000087500000, 0x0000000087500000, 0x0000000087600000|  0%| F|  |TAMS 0x0000000087500000, 0x0000000087500000| Untracked 
|  30|0x0000000087600000, 0x0000000087600000, 0x0000000087700000|  0%| F|  |TAMS 0x0000000087600000, 0x0000000087600000| Untracked 
|  31|0x0000000087700000, 0x0000000087700000, 0x0000000087800000|  0%| F|  |TAMS 0x0000000087700000, 0x0000000087700000| Untracked 
|  32|0x0000000087800000, 0x0000000087800000, 0x0000000087900000|  0%| F|  |TAMS 0x0000000087800000, 0x0000000087800000| Untracked 
|  33|0x0000000087900000, 0x0000000087900000, 0x0000000087a00000|  0%| F|  |TAMS 0x0000000087900000, 0x0000000087900000| Untracked 
|  34|0x0000000087a00000, 0x0000000087a00000, 0x0000000087b00000|  0%| F|  |TAMS 0x0000000087a00000, 0x0000000087a00000| Untracked 
|  35|0x0000000087b00000, 0x0000000087b00000, 0x0000000087c00000|  0%| F|  |TAMS 0x0000000087b00000, 0x0000000087b00000| Untracked 
|  36|0x0000000087c00000, 0x0000000087c00000, 0x0000000087d00000|  0%| F|  |TAMS 0x0000000087c00000, 0x0000000087c00000| Untracked 
|  37|0x0000000087d00000, 0x0000000087d00000, 0x0000000087e00000|  0%| F|  |TAMS 0x0000000087d00000, 0x0000000087d00000| Untracked 
|  38|0x0000000087e00000, 0x0000000087e00000, 0x0000000087f00000|  0%| F|  |TAMS 0x0000000087e00000, 0x0000000087e00000| Untracked 
|  39|0x0000000087f00000, 0x0000000087f00000, 0x0000000088000000|  0%| F|  |TAMS 0x0000000087f00000, 0x0000000087f00000| Untracked 
|  40|0x0000000088000000, 0x0000000088000000, 0x0000000088100000|  0%| F|  |TAMS 0x0000000088000000, 0x0000000088000000| Untracked 
|  41|0x0000000088100000, 0x0000000088100000, 0x0000000088200000|  0%| F|  |TAMS 0x0000000088100000, 0x0000000088100000| Untracked 
|  42|0x0000000088200000, 0x0000000088200000, 0x0000000088300000|  0%| F|  |TAMS 0x0000000088200000, 0x0000000088200000| Untracked 
|  43|0x0000000088300000, 0x0000000088300000, 0x0000000088400000|  0%| F|  |TAMS 0x0000000088300000, 0x0000000088300000| Untracked 
|  44|0x0000000088400000, 0x0000000088400000, 0x0000000088500000|  0%| F|  |TAMS 0x0000000088400000, 0x0000000088400000| Untracked 
|  45|0x0000000088500000, 0x0000000088500000, 0x0000000088600000|  0%| F|  |TAMS 0x0000000088500000, 0x0000000088500000| Untracked 
|  46|0x0000000088600000, 0x0000000088600000, 0x0000000088700000|  0%| F|  |TAMS 0x0000000088600000, 0x0000000088600000| Untracked 
|  47|0x0000000088700000, 0x0000000088700000, 0x0000000088800000|  0%| F|  |TAMS 0x0000000088700000, 0x0000000088700000| Untracked 
|  48|0x0000000088800000, 0x0000000088800000, 0x0000000088900000|  0%| F|  |TAMS 0x0000000088800000, 0x0000000088800000| Untracked 
|  49|0x0000000088900000, 0x0000000088900000, 0x0000000088a00000|  0%| F|  |TAMS 0x0000000088900000, 0x0000000088900000| Untracked 
|  50|0x0000000088a00000, 0x0000000088a00000, 0x0000000088b00000|  0%| F|  |TAMS 0x0000000088a00000, 0x0000000088a00000| Untracked 
|  51|0x0000000088b00000, 0x0000000088b00000, 0x0000000088c00000|  0%| F|  |TAMS 0x0000000088b00000, 0x0000000088b00000| Untracked 
|  52|0x0000000088c00000, 0x0000000088c00000, 0x0000000088d00000|  0%| F|  |TAMS 0x0000000088c00000, 0x0000000088c00000| Untracked 
|  53|0x0000000088d00000, 0x0000000088d00000, 0x0000000088e00000|  0%| F|  |TAMS 0x0000000088d00000, 0x0000000088d00000| Untracked 
|  54|0x0000000088e00000, 0x0000000088e00000, 0x0000000088f00000|  0%| F|  |TAMS 0x0000000088e00000, 0x0000000088e00000| Untracked 
|  55|0x0000000088f00000, 0x0000000088f00000, 0x0000000089000000|  0%| F|  |TAMS 0x0000000088f00000, 0x0000000088f00000| Untracked 
|  56|0x0000000089000000, 0x0000000089000000, 0x0000000089100000|  0%| F|  |TAMS 0x0000000089000000, 0x0000000089000000| Untracked 
|  57|0x0000000089100000, 0x0000000089100000, 0x0000000089200000|  0%| F|  |TAMS 0x0000000089100000, 0x0000000089100000| Untracked 
|  58|0x0000000089200000, 0x0000000089200000, 0x0000000089300000|  0%| F|  |TAMS 0x0000000089200000, 0x0000000089200000| Untracked 
|  59|0x0000000089300000, 0x0000000089300000, 0x0000000089400000|  0%| F|  |TAMS 0x0000000089300000, 0x0000000089300000| Untracked 
|  60|0x0000000089400000, 0x0000000089400000, 0x0000000089500000|  0%| F|  |TAMS 0x0000000089400000, 0x0000000089400000| Untracked 
|  61|0x0000000089500000, 0x0000000089500000, 0x0000000089600000|  0%| F|  |TAMS 0x0000000089500000, 0x0000000089500000| Untracked 
|  62|0x0000000089600000, 0x0000000089600000, 0x0000000089700000|  0%| F|  |TAMS 0x0000000089600000, 0x0000000089600000| Untracked 
|  63|0x0000000089700000, 0x0000000089700000, 0x0000000089800000|  0%| F|  |TAMS 0x0000000089700000, 0x0000000089700000| Untracked 
|  64|0x0000000089800000, 0x0000000089800000, 0x0000000089900000|  0%| F|  |TAMS 0x0000000089800000, 0x0000000089800000| Untracked 
|  65|0x0000000089900000, 0x0000000089900000, 0x0000000089a00000|  0%| F|  |TAMS 0x0000000089900000, 0x0000000089900000| Untracked 
|  66|0x0000000089a00000, 0x0000000089a00000, 0x0000000089b00000|  0%| F|  |TAMS 0x0000000089a00000, 0x0000000089a00000| Untracked 
|  67|0x0000000089b00000, 0x0000000089b00000, 0x0000000089c00000|  0%| F|  |TAMS 0x0000000089b00000, 0x0000000089b00000| Untracked 
|  68|0x0000000089c00000, 0x0000000089c00000, 0x0000000089d00000|  0%| F|  |TAMS 0x0000000089c00000, 0x0000000089c00000| Untracked 
|  69|0x0000000089d00000, 0x0000000089d00000, 0x0000000089e00000|  0%| F|  |TAMS 0x0000000089d00000, 0x0000000089d00000| Untracked 
|  70|0x0000000089e00000, 0x0000000089e00000, 0x0000000089f00000|  0%| F|  |TAMS 0x0000000089e00000, 0x0000000089e00000| Untracked 
|  71|0x0000000089f00000, 0x0000000089f00000, 0x000000008a000000|  0%| F|  |TAMS 0x0000000089f00000, 0x0000000089f00000| Untracked 
|  72|0x000000008a000000, 0x000000008a000000, 0x000000008a100000|  0%| F|  |TAMS 0x000000008a000000, 0x000000008a000000| Untracked 
|  73|0x000000008a100000, 0x000000008a180800, 0x000000008a200000| 50%| E|  |TAMS 0x000000008a100000, 0x000000008a100000| Complete 
|  74|0x000000008a200000, 0x000000008a300000, 0x000000008a300000|100%| E|CS|TAMS 0x000000008a200000, 0x000000008a200000| Complete 
|  75|0x000000008a300000, 0x000000008a400000, 0x000000008a400000|100%| E|CS|TAMS 0x000000008a300000, 0x000000008a300000| Complete 
|  76|0x000000008a400000, 0x000000008a500000, 0x000000008a500000|100%| E|CS|TAMS 0x000000008a400000, 0x000000008a400000| Complete 
|  77|0x000000008a500000, 0x000000008a600000, 0x000000008a600000|100%| E|CS|TAMS 0x000000008a500000, 0x000000008a500000| Complete 
|  78|0x000000008a600000, 0x000000008a700000, 0x000000008a700000|100%| E|CS|TAMS 0x000000008a600000, 0x000000008a600000| Complete 
|  79|0x000000008a700000, 0x000000008a800000, 0x000000008a800000|100%| E|CS|TAMS 0x000000008a700000, 0x000000008a700000| Complete 
|  80|0x000000008a800000, 0x000000008a900000, 0x000000008a900000|100%| E|CS|TAMS 0x000000008a800000, 0x000000008a800000| Complete 
|  81|0x000000008a900000, 0x000000008aa00000, 0x000000008aa00000|100%| E|CS|TAMS 0x000000008a900000, 0x000000008a900000| Complete 
|  82|0x000000008aa00000, 0x000000008ab00000, 0x000000008ab00000|100%| E|CS|TAMS 0x000000008aa00000, 0x000000008aa00000| Complete 
|  83|0x000000008ab00000, 0x000000008ac00000, 0x000000008ac00000|100%| E|CS|TAMS 0x000000008ab00000, 0x000000008ab00000| Complete 
|  84|0x000000008ac00000, 0x000000008ad00000, 0x000000008ad00000|100%| E|CS|TAMS 0x000000008ac00000, 0x000000008ac00000| Complete 
|  85|0x000000008ad00000, 0x000000008ae00000, 0x000000008ae00000|100%| E|CS|TAMS 0x000000008ad00000, 0x000000008ad00000| Complete 
|  86|0x000000008ae00000, 0x000000008af00000, 0x000000008af00000|100%| E|CS|TAMS 0x000000008ae00000, 0x000000008ae00000| Complete 
|  87|0x000000008af00000, 0x000000008b000000, 0x000000008b000000|100%| E|CS|TAMS 0x000000008af00000, 0x000000008af00000| Complete 
|  88|0x000000008b000000, 0x000000008b100000, 0x000000008b100000|100%| E|CS|TAMS 0x000000008b000000, 0x000000008b000000| Complete 
|  89|0x000000008b100000, 0x000000008b200000, 0x000000008b200000|100%| E|CS|TAMS 0x000000008b100000, 0x000000008b100000| Complete 
|  90|0x000000008b200000, 0x000000008b300000, 0x000000008b300000|100%| E|CS|TAMS 0x000000008b200000, 0x000000008b200000| Complete 
|  91|0x000000008b300000, 0x000000008b400000, 0x000000008b400000|100%| E|CS|TAMS 0x000000008b300000, 0x000000008b300000| Complete 
|  92|0x000000008b400000, 0x000000008b500000, 0x000000008b500000|100%| E|CS|TAMS 0x000000008b400000, 0x000000008b400000| Complete 
| 123|0x000000008d300000, 0x000000008d400000, 0x000000008d400000|100%| E|CS|TAMS 0x000000008d300000, 0x000000008d300000| Complete 

Card table byte_map: [0x000002157e310000,0x000002157e6f0000] _byte_map_base: 0x000002157dee4000

Marking Bits (Prev, Next): (CMBitMap*) 0x000002157454c1a0, (CMBitMap*) 0x000002157454c160
 Prev Bits: [0x0000021504ea0000, 0x0000021506d40000)
 Next Bits: [0x0000021503000000, 0x0000021504ea0000)

Polling page: 0x00000215746f0000

Metaspace:

Usage:
  Non-class:     26.35 MB used.
      Class:      4.29 MB used.
       Both:     30.64 MB used.

Virtual space:
  Non-class space:       32.00 MB reserved,      26.50 MB ( 83%) committed,  4 nodes.
      Class space:        1.00 GB reserved,       4.44 MB ( <1%) committed,  1 nodes.
             Both:        1.03 GB reserved,      30.94 MB (  3%) committed. 

Chunk freelists:
   Non-Class:  1.11 MB
       Class:  3.50 MB
        Both:  4.61 MB

MaxMetaspaceSize: unlimited
CompressedClassSpaceSize: 1.00 GB
Initial GC threshold: 21.00 MB
Current GC threshold: 35.13 MB
CDS: on
MetaspaceReclaimPolicy: balanced
 - commit_granule_bytes: 65536.
 - commit_granule_words: 8192.
 - virtual_space_node_default_size: 1048576.
 - enlarge_chunks_in_place: 1.
 - new_chunks_are_fully_committed: 0.
 - uncommit_free_chunks: 1.
 - use_allocation_guard: 0.
 - handle_deallocations: 1.


Internal statistics:

num_allocs_failed_limit: 3.
num_arena_births: 412.
num_arena_deaths: 0.
num_vsnodes_births: 5.
num_vsnodes_deaths: 0.
num_space_committed: 495.
num_space_uncommitted: 0.
num_chunks_returned_to_freelist: 3.
num_chunks_taken_from_freelist: 1503.
num_chunk_merges: 3.
num_chunk_splits: 1020.
num_chunks_enlarged: 750.
num_purges: 0.
num_inconsistent_stats: 0.

CodeCache: size=49152Kb used=8761Kb max_used=8761Kb free=40391Kb
 bounds [0x0000021500000000, 0x0000021500890000, 0x0000021503000000]
 total_blobs=4249 nmethods=3740 adapters=433
 compilation: enabled
              stopped_count=0, restarted_count=0
 full_count=0

Compilation events (20 events):
Event: 2.372 Thread 0x0000021509871840 nmethod 3726 0x0000021500885d90 code [0x0000021500885f60, 0x00000215008861f8]
Event: 2.372 Thread 0x0000021509871840 3731       1       java.security.MessageDigest$Delegate::engineGetDigestLength (8 bytes)
Event: 2.372 Thread 0x0000021509871840 nmethod 3731 0x0000021500886410 code [0x00000215008865a0, 0x0000021500886688]
Event: 2.372 Thread 0x000002157f564bb0 nmethod 3730 0x0000021500886710 code [0x00000215008868e0, 0x0000021500886b28]
Event: 2.372 Thread 0x0000021509eed5a0 nmethod 3732 0x0000021500886d10 code [0x0000021500886ea0, 0x0000021500886fc8]
Event: 2.372 Thread 0x00000215098763f0 nmethod 3733 0x0000021500887090 code [0x0000021500887280, 0x00000215008875c8]
Event: 2.372 Thread 0x00000215098763f0 3734       1       javax.crypto.Mac::doFinal (38 bytes)
Event: 2.372 Thread 0x000002157f564bb0 3735   !   1       com.sun.crypto.provider.HmacCore::engineDoFinal (78 bytes)
Event: 2.372 Thread 0x00000215098763f0 nmethod 3734 0x0000021500887810 code [0x00000215008879e0, 0x0000021500887c18]
Event: 2.372 Thread 0x000002157f564bb0 nmethod 3735 0x0000021500887e10 code [0x0000021500888000, 0x0000021500888378]
Event: 2.378 Thread 0x0000021509871840 3736 % !   1       com.sun.crypto.provider.PBKDF2KeyImpl::deriveKey @ 191 (295 bytes)
Event: 2.379 Thread 0x0000021509871840 nmethod 3736% 0x0000021500888790 code [0x0000021500888a00, 0x00000215008899f8]
Event: 2.379 Thread 0x000002157f564bb0 3737 % !   1       com.sun.crypto.provider.PBKDF2KeyImpl::deriveKey @ 169 (295 bytes)
Event: 2.380 Thread 0x000002157f564bb0 nmethod 3737% 0x000002150088a590 code [0x000002150088a800, 0x000002150088b758]
Event: 2.409 Thread 0x0000021509871840 3738       1       java.lang.StringBuffer::<init> (7 bytes)
Event: 2.410 Thread 0x0000021509871840 nmethod 3738 0x000002150088db10 code [0x000002150088dca0, 0x000002150088dd88]
Event: 2.411 Thread 0x0000021509eed5a0 3740       1       java.lang.Integer::hashCode (2 bytes)
Event: 2.411 Thread 0x000002157f564bb0 3739       1       java.lang.Integer::hashCode (8 bytes)
Event: 2.412 Thread 0x0000021509eed5a0 nmethod 3740 0x000002150088de10 code [0x000002150088dfa0, 0x000002150088e058]
Event: 2.412 Thread 0x000002157f564bb0 nmethod 3739 0x000002150088e110 code [0x000002150088e2a0, 0x000002150088e378]

GC Heap History (12 events):
Event: 0.555 GC heap before
{Heap before GC invocations=0 (full 0):
 garbage-first heap   total 126976K, used 24576K [0x0000000085800000, 0x0000000100000000)
  region size 1024K, 23 young (23552K), 0 survivors (0K)
 Metaspace       used 7183K, committed 7360K, reserved 1056768K
  class space    used 908K, committed 960K, reserved 1048576K
}
Event: 0.562 GC heap after
{Heap after GC invocations=1 (full 0):
 garbage-first heap   total 126976K, used 7552K [0x0000000085800000, 0x0000000100000000)
  region size 1024K, 3 young (3072K), 3 survivors (3072K)
 Metaspace       used 7183K, committed 7360K, reserved 1056768K
  class space    used 908K, committed 960K, reserved 1048576K
}
Event: 0.865 GC heap before
{Heap before GC invocations=1 (full 0):
 garbage-first heap   total 126976K, used 32128K [0x0000000085800000, 0x0000000100000000)
  region size 1024K, 28 young (28672K), 3 survivors (3072K)
 Metaspace       used 12582K, committed 12800K, reserved 1064960K
  class space    used 1747K, committed 1856K, reserved 1048576K
}
Event: 0.869 GC heap after
{Heap after GC invocations=2 (full 0):
 garbage-first heap   total 126976K, used 9795K [0x0000000085800000, 0x0000000100000000)
  region size 1024K, 2 young (2048K), 2 survivors (2048K)
 Metaspace       used 12582K, committed 12800K, reserved 1064960K
  class space    used 1747K, committed 1856K, reserved 1048576K
}
Event: 1.290 GC heap before
{Heap before GC invocations=2 (full 0):
 garbage-first heap   total 126976K, used 62019K [0x0000000085800000, 0x0000000100000000)
  region size 1024K, 54 young (55296K), 2 survivors (2048K)
 Metaspace       used 21219K, committed 21504K, reserved 1073152K
  class space    used 2946K, committed 3072K, reserved 1048576K
}
Event: 1.297 GC heap after
{Heap after GC invocations=3 (full 0):
 garbage-first heap   total 126976K, used 12926K [0x0000000085800000, 0x0000000100000000)
  region size 1024K, 5 young (5120K), 5 survivors (5120K)
 Metaspace       used 21219K, committed 21504K, reserved 1073152K
  class space    used 2946K, committed 3072K, reserved 1048576K
}
Event: 1.682 GC heap before
{Heap before GC invocations=4 (full 0):
 garbage-first heap   total 48128K, used 36478K [0x0000000085800000, 0x0000000100000000)
  region size 1024K, 29 young (29696K), 5 survivors (5120K)
 Metaspace       used 24652K, committed 25024K, reserved 1073152K
  class space    used 3480K, committed 3648K, reserved 1048576K
}
Event: 1.690 GC heap after
{Heap after GC invocations=5 (full 0):
 garbage-first heap   total 48128K, used 14449K [0x0000000085800000, 0x0000000100000000)
  region size 1024K, 7 young (7168K), 7 survivors (7168K)
 Metaspace       used 24652K, committed 25024K, reserved 1073152K
  class space    used 3480K, committed 3648K, reserved 1048576K
}
Event: 1.699 GC heap before
{Heap before GC invocations=5 (full 0):
 garbage-first heap   total 48128K, used 15473K [0x0000000085800000, 0x0000000100000000)
  region size 1024K, 8 young (8192K), 7 survivors (7168K)
 Metaspace       used 24725K, committed 25088K, reserved 1073152K
  class space    used 3490K, committed 3648K, reserved 1048576K
}
Event: 1.706 GC heap after
{Heap after GC invocations=6 (full 0):
 garbage-first heap   total 48128K, used 14993K [0x0000000085800000, 0x0000000100000000)
  region size 1024K, 1 young (1024K), 1 survivors (1024K)
 Metaspace       used 24725K, committed 25088K, reserved 1073152K
  class space    used 3490K, committed 3648K, reserved 1048576K
}
Event: 2.056 GC heap before
{Heap before GC invocations=6 (full 0):
 garbage-first heap   total 48128K, used 33425K [0x0000000085800000, 0x0000000100000000)
  region size 1024K, 19 young (19456K), 1 survivors (1024K)
 Metaspace       used 27825K, committed 28160K, reserved 1081344K
  class space    used 3960K, committed 4096K, reserved 1048576K
}
Event: 2.062 GC heap after
{Heap after GC invocations=7 (full 0):
 garbage-first heap   total 96256K, used 16319K [0x0000000085800000, 0x0000000100000000)
  region size 1024K, 3 young (3072K), 3 survivors (3072K)
 Metaspace       used 27825K, committed 28160K, reserved 1081344K
  class space    used 3960K, committed 4096K, reserved 1048576K
}

Deoptimization events (14 events):
Event: 0.475 Thread 0x00000215746373b0 DEOPT PACKING pc=0x00000215002e5875 sp=0x000000881a9fdd60
Event: 0.475 Thread 0x00000215746373b0 DEOPT UNPACKING pc=0x0000021500056763 sp=0x000000881a9fd1b8 mode 3
Event: 0.842 Thread 0x00000215746373b0 DEOPT PACKING pc=0x000002150058a499 sp=0x000000881a9fd820
Event: 0.843 Thread 0x00000215746373b0 DEOPT UNPACKING pc=0x0000021500056763 sp=0x000000881a9fcd00 mode 3
Event: 1.470 Thread 0x00000215746373b0 DEOPT PACKING pc=0x00000215005cda24 sp=0x000000881a9fdc50
Event: 1.470 Thread 0x00000215746373b0 DEOPT UNPACKING pc=0x0000021500056763 sp=0x000000881a9fd1a8 mode 0
Event: 1.640 Thread 0x00000215746373b0 DEOPT PACKING pc=0x00000215007b0ef5 sp=0x000000881a9fd040
Event: 1.640 Thread 0x00000215746373b0 DEOPT UNPACKING pc=0x0000021500056763 sp=0x000000881a9fc4b0 mode 3
Event: 1.817 Thread 0x00000215746373b0 DEOPT PACKING pc=0x00000215005fdd1d sp=0x000000881a9fc630
Event: 1.817 Thread 0x00000215746373b0 DEOPT UNPACKING pc=0x0000021500056763 sp=0x000000881a9fbb98 mode 3
Event: 2.227 Thread 0x00000215746373b0 DEOPT PACKING pc=0x00000215005a0a81 sp=0x000000881a9fec90
Event: 2.227 Thread 0x00000215746373b0 DEOPT UNPACKING pc=0x0000021500056763 sp=0x000000881a9fe120 mode 3
Event: 2.227 Thread 0x000002150bae1790 DEOPT PACKING pc=0x000002150055e117 sp=0x000000881cdff070
Event: 2.227 Thread 0x000002150bae1790 DEOPT UNPACKING pc=0x0000021500056763 sp=0x000000881cdfe4c8 mode 3

Classes unloaded (0 events):
No events

Classes redefined (0 events):
No events

Internal exceptions (20 events):
Event: 1.756 Thread 0x00000215746373b0 Exception <a 'java/lang/ClassNotFoundException'{0x0000000089ac3da8}: org/springframework/beans/factory/AwareCustomizer> (0x0000000089ac3da8) 
thrown [t:\workspace\open\src\hotspot\share\classfile\systemDictionary.cpp, line 256]
Event: 1.756 Thread 0x00000215746373b0 Exception <a 'java/lang/ClassNotFoundException'{0x0000000089ac7158}: org/springframework/core/OrderedCustomizer> (0x0000000089ac7158) 
thrown [t:\workspace\open\src\hotspot\share\classfile\systemDictionary.cpp, line 256]
Event: 1.757 Thread 0x00000215746373b0 Exception <a 'java/lang/ClassNotFoundException'{0x0000000089acb4b8}: org/springframework/beans/factory/BeanClassLoaderAwareCustomizer> (0x0000000089acb4b8) 
thrown [t:\workspace\open\src\hotspot\share\classfile\systemDictionary.cpp, line 256]
Event: 1.757 Thread 0x00000215746373b0 Exception <a 'java/lang/ClassNotFoundException'{0x0000000089acf8a8}: org/springframework/beans/factory/AwareCustomizer> (0x0000000089acf8a8) 
thrown [t:\workspace\open\src\hotspot\share\classfile\systemDictionary.cpp, line 256]
Event: 1.757 Thread 0x00000215746373b0 Exception <a 'java/lang/ClassNotFoundException'{0x0000000089ad30c8}: org/springframework/aop/framework/AopInfrastructureBeanCustomizer> (0x0000000089ad30c8) 
thrown [t:\workspace\open\src\hotspot\share\classfile\systemDictionary.cpp, line 256]
Event: 1.770 Thread 0x00000215746373b0 Exception <a 'java/lang/ClassNotFoundException'{0x0000000089997340}: java/lang/ObjectCustomizer> (0x0000000089997340) 
thrown [t:\workspace\open\src\hotspot\share\classfile\systemDictionary.cpp, line 256]
Event: 1.771 Thread 0x00000215746373b0 Exception <a 'java/lang/ClassNotFoundException'{0x00000000899b1d18}: org/springframework/transaction/annotation/AbstractTransactionManagementConfigurationCustomizer> (0x00000000899b1d18) 
thrown [t:\workspace\open\src\hotspot\share\classfile\systemDictionary.cpp, line 256]
Event: 1.771 Thread 0x00000215746373b0 Exception <a 'java/lang/ClassNotFoundException'{0x00000000899b8148}: org/springframework/transaction/annotation/ProxyTransactionManagementConfigurationCustomizer> (0x00000000899b8148) 
thrown [t:\workspace\open\src\hotspot\share\classfile\systemDictionary.cpp, line 256]
Event: 1.771 Thread 0x00000215746373b0 Exception <a 'java/lang/ClassNotFoundException'{0x00000000899bf858}: org/springframework/context/annotation/ImportAwareCustomizer> (0x00000000899bf858) 
thrown [t:\workspace\open\src\hotspot\share\classfile\systemDictionary.cpp, line 256]
Event: 1.771 Thread 0x00000215746373b0 Exception <a 'java/lang/ClassNotFoundException'{0x00000000899c4088}: org/springframework/beans/factory/AwareCustomizer> (0x00000000899c4088) 
thrown [t:\workspace\open\src\hotspot\share\classfile\systemDictionary.cpp, line 256]
Event: 1.799 Thread 0x00000215746373b0 Exception <a 'java/lang/NoSuchMethodError'{0x0000000087f66818}: 'java.lang.Object java.lang.invoke.DirectMethodHandle$Holder.invokeSpecialIFC(java.lang.Object, java.lang.Object, java.lang.Object)'> (0x0000000087f66818) 
thrown [t:\workspace\open\src\hotspot\share\interpreter\linkResolver.cpp, line 766]
Event: 1.858 Thread 0x00000215746373b0 Exception <a 'java/lang/NoSuchMethodError'{0x0000000087b06360}: 'void java.lang.invoke.DirectMethodHandle$Holder.invokeInterface(java.lang.Object, java.lang.Object, int)'> (0x0000000087b06360) 
thrown [t:\workspace\open\src\hotspot\share\interpreter\linkResolver.cpp, line 766]
Event: 1.861 Thread 0x00000215746373b0 Exception <a 'java/lang/IncompatibleClassChangeError'{0x0000000087b55f38}: Found class java.lang.Object, but interface was expected> (0x0000000087b55f38) 
thrown [t:\workspace\open\src\hotspot\share\interpreter\linkResolver.cpp, line 833]
Event: 1.861 Thread 0x00000215746373b0 Exception <a 'java/lang/NoSuchMethodError'{0x0000000087b5b0c0}: 'void java.lang.invoke.DirectMethodHandle$Holder.invokeStatic(java.lang.Object, int, java.lang.Object)'> (0x0000000087b5b0c0) 
thrown [t:\workspace\open\src\hotspot\share\interpreter\linkResolver.cpp, line 766]
Event: 1.863 Thread 0x00000215746373b0 Exception <a 'java/lang/NoSuchMethodError'{0x0000000087b89d58}: 'int java.lang.invoke.DirectMethodHandle$Holder.invokeSpecial(java.lang.Object, java.lang.Object, int)'> (0x0000000087b89d58) 
thrown [t:\workspace\open\src\hotspot\share\interpreter\linkResolver.cpp, line 766]
Event: 2.119 Thread 0x000002150b9f2020 Exception <a 'java/lang/reflect/InvocationTargetException'{0x000000008b38b600}> (0x000000008b38b600) 
thrown [t:\workspace\open\src\hotspot\share\runtime\reflection.cpp, line 1121]
Event: 2.161 Thread 0x00000215746373b0 Exception <a 'java/io/FileNotFoundException'{0x000000008af6d5f8}> (0x000000008af6d5f8) 
thrown [t:\workspace\open\src\hotspot\share\prims\jni.cpp, line 516]
Event: 2.181 Thread 0x00000215746373b0 Exception <a 'java/lang/NoSuchMethodError'{0x000000008aef9ba0}: 'int java.lang.invoke.DirectMethodHandle$Holder.invokeInterface(java.lang.Object, java.lang.Object, java.lang.Object, java.lang.Object)'> (0x000000008aef9ba0) 
thrown [t:\workspace\open\src\hotspot\share\interpreter\linkResolver.cpp, line 766]
Event: 2.222 Thread 0x00000215746373b0 Exception <a 'java/io/FileNotFoundException'{0x000000008ab3f238}> (0x000000008ab3f238) 
thrown [t:\workspace\open\src\hotspot\share\prims\jni.cpp, line 516]
Event: 2.362 Thread 0x00000215746373b0 Exception <a 'sun/nio/fs/WindowsException'{0x000000008a36edb8}> (0x000000008a36edb8) 
thrown [t:\workspace\open\src\hotspot\share\prims\jni.cpp, line 516]

VM Operations (20 events):
Event: 2.140 Executing VM operation: HandshakeAllThreads
Event: 2.140 Executing VM operation: HandshakeAllThreads done
Event: 2.142 Executing VM operation: HandshakeAllThreads
Event: 2.142 Executing VM operation: HandshakeAllThreads done
Event: 2.198 Executing VM operation: HandshakeAllThreads
Event: 2.198 Executing VM operation: HandshakeAllThreads done
Event: 2.198 Executing VM operation: HandshakeAllThreads
Event: 2.198 Executing VM operation: HandshakeAllThreads done
Event: 2.224 Executing VM operation: HandshakeAllThreads
Event: 2.224 Executing VM operation: HandshakeAllThreads done
Event: 2.276 Executing VM operation: HandshakeAllThreads
Event: 2.276 Executing VM operation: HandshakeAllThreads done
Event: 2.347 Executing VM operation: HandshakeAllThreads
Event: 2.347 Executing VM operation: HandshakeAllThreads done
Event: 2.354 Executing VM operation: HandshakeAllThreads
Event: 2.354 Executing VM operation: HandshakeAllThreads done
Event: 2.363 Executing VM operation: HandshakeAllThreads
Event: 2.363 Executing VM operation: HandshakeAllThreads done
Event: 2.366 Executing VM operation: HandshakeAllThreads
Event: 2.366 Executing VM operation: HandshakeAllThreads done

Events (20 events):
Event: 2.369 loading class com/sun/crypto/provider/HmacCore$HmacSHA256
Event: 2.369 loading class com/sun/crypto/provider/HmacCore
Event: 2.369 loading class com/sun/crypto/provider/HmacCore done
Event: 2.369 loading class com/sun/crypto/provider/HmacCore$HmacSHA256 done
Event: 2.369 loading class com/sun/crypto/provider/PBKDF2KeyImpl$1
Event: 2.369 loading class com/sun/crypto/provider/PBKDF2KeyImpl$1 done
Event: 2.385 loading class javax/crypto/spec/SecretKeySpec
Event: 2.386 loading class javax/crypto/spec/SecretKeySpec done
Event: 2.386 loading class javax/crypto/spec/SecretKeySpec$1
Event: 2.386 loading class jdk/internal/access/JavaxCryptoSpecAccess
Event: 2.386 loading class jdk/internal/access/JavaxCryptoSpecAccess done
Event: 2.386 loading class javax/crypto/spec/SecretKeySpec$1 done
Event: 2.406 loading class java/util/SimpleTimeZone
Event: 2.406 loading class java/util/SimpleTimeZone done
Event: 2.407 loading class java/time/LocalDateTime$1
Event: 2.407 loading class java/time/LocalDateTime$1 done
Event: 2.408 loading class java/time/chrono/IsoEra
Event: 2.408 loading class java/time/chrono/Era
Event: 2.408 loading class java/time/chrono/Era done
Event: 2.408 loading class java/time/chrono/IsoEra done


Dynamic libraries:
0x00007ff65ff50000 - 0x00007ff65ff60000 	D:\Java\bin\java.exe
0x00007ff9f2820000 - 0x00007ff9f2a10000 	C:\Windows\SYSTEM32\ntdll.dll
0x00007ff9f1b30000 - 0x00007ff9f1be2000 	C:\Windows\System32\KERNEL32.DLL
0x00007ff9efaf0000 - 0x00007ff9efd93000 	C:\Windows\System32\KERNELBASE.dll
0x00007ff9f0650000 - 0x00007ff9f074a000 	C:\Windows\System32\ucrtbase.dll
0x00007ff9ebc20000 - 0x00007ff9ebc3a000 	D:\Java\bin\VCRUNTIME140.dll
0x00007ff9ecc90000 - 0x00007ff9ecca8000 	D:\Java\bin\jli.dll
0x00007ff9f1ec0000 - 0x00007ff9f1f63000 	C:\Windows\System32\ADVAPI32.dll
0x00007ff9f0c30000 - 0x00007ff9f0cce000 	C:\Windows\System32\msvcrt.dll
0x00007ff9f1de0000 - 0x00007ff9f1e77000 	C:\Windows\System32\sechost.dll
0x00007ff9f1940000 - 0x00007ff9f1a60000 	C:\Windows\System32\RPCRT4.dll
0x00007ff9f0a90000 - 0x00007ff9f0c24000 	C:\Windows\System32\USER32.dll
0x00007ff9efa20000 - 0x00007ff9efa41000 	C:\Windows\System32\win32u.dll
0x00007ff9c69b0000 - 0x00007ff9c6c35000 	C:\Windows\WinSxS\amd64_microsoft.windows.common-controls_6595b64144ccf1df_6.0.18362.476_none_e6c4b11b130f2595\COMCTL32.dll
0x00007ff9f2780000 - 0x00007ff9f27a6000 	C:\Windows\System32\GDI32.dll
0x00007ff9f0db0000 - 0x00007ff9f10e6000 	C:\Windows\System32\combase.dll
0x00007ff9ef880000 - 0x00007ff9efa14000 	C:\Windows\System32\gdi32full.dll
0x00007ff9efa70000 - 0x00007ff9efaf0000 	C:\Windows\System32\bcryptPrimitives.dll
0x00007ff9efdd0000 - 0x00007ff9efe6e000 	C:\Windows\System32\msvcp_win.dll
0x00007ff9e3040000 - 0x00007ff9e304a000 	C:\Windows\SYSTEM32\VERSION.dll
0x00007ff9f08a0000 - 0x00007ff9f08ce000 	C:\Windows\System32\IMM32.DLL
0x00007ff9eccd0000 - 0x00007ff9eccdc000 	D:\Java\bin\vcruntime140_1.dll
0x00007ff9be020000 - 0x00007ff9be0ad000 	D:\Java\bin\msvcp140.dll
0x00007ff9b2c60000 - 0x00007ff9b3821000 	D:\Java\bin\server\jvm.dll
0x00007ff9f2710000 - 0x00007ff9f2718000 	C:\Windows\System32\PSAPI.DLL
0x00007ff9ebfa0000 - 0x00007ff9ebfc4000 	C:\Windows\SYSTEM32\WINMM.dll
0x00007ff9d2920000 - 0x00007ff9d2929000 	C:\Windows\SYSTEM32\WSOCK32.dll
0x00007ff9f1400000 - 0x00007ff9f146f000 	C:\Windows\System32\WS2_32.dll
0x00007ff9ebf70000 - 0x00007ff9ebf9d000 	C:\Windows\SYSTEM32\WINMMBASE.dll
0x00007ff9ef830000 - 0x00007ff9ef87a000 	C:\Windows\System32\cfgmgr32.dll
0x00007ff9ef6d0000 - 0x00007ff9ef6e1000 	C:\Windows\System32\kernel.appcore.dll
0x00007ff9ecc60000 - 0x00007ff9ecc6a000 	D:\Java\bin\jimage.dll
0x00007ff9edfc0000 - 0x00007ff9ee1b4000 	C:\Windows\SYSTEM32\DBGHELP.DLL
0x00007ff9d3810000 - 0x00007ff9d383a000 	C:\Windows\SYSTEM32\dbgcore.DLL
0x00007ff9e9390000 - 0x00007ff9e939e000 	D:\Java\bin\instrument.dll
0x00007ff9ebbf0000 - 0x00007ff9ebc15000 	D:\Java\bin\java.dll
0x00007ff9b8410000 - 0x00007ff9b84e6000 	D:\Java\bin\jsvml.dll
0x00007ff9f1f70000 - 0x00007ff9f2655000 	C:\Windows\System32\SHELL32.dll
0x00007ff9f2660000 - 0x00007ff9f2709000 	C:\Windows\System32\shcore.dll
0x00007ff9efe70000 - 0x00007ff9f05ee000 	C:\Windows\System32\windows.storage.dll
0x00007ff9ef760000 - 0x00007ff9ef77f000 	C:\Windows\System32\profapi.dll
0x00007ff9ef6f0000 - 0x00007ff9ef73a000 	C:\Windows\System32\powrprof.dll
0x00007ff9ef6c0000 - 0x00007ff9ef6d0000 	C:\Windows\System32\UMPDC.dll
0x00007ff9f1470000 - 0x00007ff9f14c2000 	C:\Windows\System32\shlwapi.dll
0x00007ff9efa50000 - 0x00007ff9efa67000 	C:\Windows\System32\cryptsp.dll
0x00007ff9e9100000 - 0x00007ff9e9118000 	D:\Java\bin\zip.dll
0x00007ff9e93c0000 - 0x00007ff9e93d9000 	D:\Java\bin\net.dll
0x00007ff9eb0b0000 - 0x00007ff9eb1a0000 	C:\Windows\SYSTEM32\WINHTTP.dll
0x00007ff9eef30000 - 0x00007ff9eef97000 	C:\Windows\system32\mswsock.dll
0x00007ff9e93a0000 - 0x00007ff9e93b6000 	D:\Java\bin\nio.dll
0x00007ff9d8a20000 - 0x00007ff9d8a3a000 	D:\Java Ultimate\IntelliJ IDEA 2022.2.3\bin\breakgen64.dll
0x00007ff9eec80000 - 0x00007ff9eed4a000 	C:\Windows\SYSTEM32\DNSAPI.dll
0x00007ff9f1ea0000 - 0x00007ff9f1ea8000 	C:\Windows\System32\NSI.dll
0x00007ff9eec40000 - 0x00007ff9eec7a000 	C:\Windows\SYSTEM32\IPHLPAPI.DLL
0x00007ff9e3200000 - 0x00007ff9e320a000 	C:\Windows\System32\rasadhlp.dll
0x00007ff9e8230000 - 0x00007ff9e82a7000 	C:\Windows\System32\fwpuclnt.dll
0x00007ff9efda0000 - 0x00007ff9efdc6000 	C:\Windows\System32\bcrypt.dll
0x00007ff9e90f0000 - 0x00007ff9e90f9000 	D:\Java\bin\management.dll
0x00007ff9e90e0000 - 0x00007ff9e90eb000 	D:\Java\bin\management_ext.dll
0x00007ff9eea40000 - 0x00007ff9eea73000 	C:\Windows\system32\rsaenh.dll
0x00007ff9ef5b0000 - 0x00007ff9ef5d5000 	C:\Windows\SYSTEM32\USERENV.dll
0x00007ff9ef100000 - 0x00007ff9ef10c000 	C:\Windows\SYSTEM32\CRYPTBASE.dll
0x00007ff9e9250000 - 0x00007ff9e9266000 	C:\Windows\SYSTEM32\dhcpcsvc6.DLL
0x00007ff9e8d60000 - 0x00007ff9e8d7c000 	C:\Windows\SYSTEM32\dhcpcsvc.DLL
0x00007ff9d8ae0000 - 0x00007ff9d8af6000 	C:\Windows\system32\napinsp.dll
0x00007ff9d8ac0000 - 0x00007ff9d8ada000 	C:\Windows\system32\pnrpnsp.dll
0x00007ff9ecc50000 - 0x00007ff9ecc5e000 	C:\Windows\System32\winrnr.dll
0x00007ff9eb2b0000 - 0x00007ff9eb2cc000 	C:\Windows\system32\NLAapi.dll
0x00007ff9d0d00000 - 0x00007ff9d0d15000 	C:\Windows\system32\wshbth.dll
0x00007ff9e9360000 - 0x00007ff9e9370000 	D:\Java\bin\verify.dll
0x00007ff9e90d0000 - 0x00007ff9e90de000 	D:\Java\bin\sunmscapi.dll
0x00007ff9f0750000 - 0x00007ff9f0899000 	C:\Windows\System32\CRYPT32.dll
0x00007ff9ef740000 - 0x00007ff9ef752000 	C:\Windows\System32\MSASN1.dll
0x00007ff9ef200000 - 0x00007ff9ef226000 	C:\Windows\SYSTEM32\ncrypt.dll
0x00007ff9ef1c0000 - 0x00007ff9ef1fb000 	C:\Windows\SYSTEM32\NTASN1.dll

dbghelp: loaded successfully - version: 4.0.5 - missing functions: none
symbol engine: initialized successfully - sym options: 0x614 - pdb path: .;D:\Java\bin;C:\Windows\SYSTEM32;C:\Windows\WinSxS\amd64_microsoft.windows.common-controls_6595b64144ccf1df_6.0.18362.476_none_e6c4b11b130f2595;D:\Java\bin\server;D:\Java Ultimate\IntelliJ IDEA 2022.2.3\bin

VM Arguments:
jvm_args: -XX:TieredStopAtLevel=1 -Dspring.output.ansi.enabled=always -Dcom.sun.management.jmxremote -Dspring.jmx.enabled=true -Dspring.liveBeansView.mbeanDomain -Dspring.application.admin.enabled=true -javaagent:D:\Java Ultimate\IntelliJ IDEA 2022.2.3\lib\idea_rt.jar=63231:D:\Java Ultimate\IntelliJ IDEA 2022.2.3\bin -Dfile.encoding=UTF-8 
java_command: com.spring.demo.DemoApplication
java_class_path (initial): D:\Java Ultimate Projects\demo\target\classes;C:\Users\Пользователь\.m2\repository\org\springframework\boot\spring-boot-starter-data-jpa\2.5.1\spring-boot-starter-data-jpa-2.5.1.jar;C:\Users\Пользователь\.m2\repository\org\springframework\boot\spring-boot-starter-aop\2.5.1\spring-boot-starter-aop-2.5.1.jar;C:\Users\Пользователь\.m2\repository\org\aspectj\aspectjweaver\1.9.6\aspectjweaver-1.9.6.jar;C:\Users\Пользователь\.m2\repository\org\springframework\boot\spring-boot-starter-jdbc\2.5.1\spring-boot-starter-jdbc-2.5.1.jar;C:\Users\Пользователь\.m2\repository\com\zaxxer\HikariCP\4.0.3\HikariCP-4.0.3.jar;C:\Users\Пользователь\.m2\repository\org\springframework\spring-jdbc\5.3.8\spring-jdbc-5.3.8.jar;C:\Users\Пользователь\.m2\repository\jakarta\transaction\jakarta.transaction-api\1.3.3\jakarta.transaction-api-1.3.3.jar;C:\Users\Пользователь\.m2\repository\jakarta\persistence\jakarta.persistence-api\2.2.3\jakarta.persistence-api-2.2.3.jar;C:\Users\Пользователь\.m2\repository\org\hibernate\hibernate-core\5.4.32.Final\hibernate-core-5.4.32.Final.jar;C:\Users\Пользователь\.m2\repository\org\jboss\logging\jboss-logging\3.4.2.Final\jboss-logging-3.4.2.Final.jar;C:\Users\Пользователь\.m2\repository\org\javassist\javassist\3.27.0-GA\javassist-3.27.0-GA.jar;C:\Users\Пользователь\.m2\repository\net\bytebuddy\byte-buddy\1.10.22\byte-buddy-1.10.22.jar;C:\Users\Пользователь\.m2\repository\antlr\antlr\2.7.7\antlr-2.7.7.jar;C:\Users\Пользователь\.m2\repository\org\jboss\jandex\2.2.3.Final\jandex-2.2.3.Final.jar;C:\Users\Пользователь\.m2\repository\com\fasterxml\classmate\1.5.1\classmate-1.5.1.jar;C:\Users\Пользователь\.m2\repository\org\dom4j\dom4j\2.1.3\dom4j-2.1.3.jar;C:\Users\Пользователь\.m2\repository\org\hibernate\common\hibernate-commons-annotations\5.1.2.Final\hibernate-commons-annotations-5.1.2.Final.jar;C:\Users\Пользователь\.m2\repository\org\glassfish\jaxb\jaxb-runtime\2.3.4\jaxb-runtime-2.3.4.jar;C:\Users\Пользователь\.m2\repository\org\glas
Launcher Type: SUN_STANDARD

[Global flags]
     intx CICompilerCount                          = 4                                         {product} {ergonomic}
     uint ConcGCThreads                            = 2                                         {product} {ergonomic}
     uint G1ConcRefinementThreads                  = 8                                         {product} {ergonomic}
   size_t G1HeapRegionSize                         = 1048576                                   {product} {ergonomic}
    uintx GCDrainStackTargetSize                   = 64                                        {product} {ergonomic}
   size_t InitialHeapSize                          = 130023424                                 {product} {ergonomic}
     bool ManagementServer                         = true                                      {product} {command line}
   size_t MarkStackSize                            = 4194304                                   {product} {ergonomic}
   size_t MaxHeapSize                              = 2055208960                                {product} {ergonomic}
   size_t MaxNewSize                               = 1233125376                                {product} {ergonomic}
   size_t MinHeapDeltaBytes                        = 1048576                                   {product} {ergonomic}
   size_t MinHeapSize                              = 8388608                                   {product} {ergonomic}
    uintx NonProfiledCodeHeapSize                  = 0                                      {pd product} {ergonomic}
     bool ProfileInterpreter                       = false                                  {pd product} {command line}
    uintx ProfiledCodeHeapSize                     = 0                                      {pd product} {ergonomic}
   size_t SoftMaxHeapSize                          = 2055208960                             {manageable} {ergonomic}
     intx TieredStopAtLevel                        = 1                                         {product} {command line}
     bool UseCompressedClassPointers               = true                           {product lp64_product} {ergonomic}
     bool UseCompressedOops                        = true                           {product lp64_product} {ergonomic}
     bool UseG1GC                                  = true                                      {product} {ergonomic}
     bool UseLargePagesIndividualAllocation        = false                                  {pd product} {ergonomic}

Logging:
Log output configuration:
 #0: stdout all=warning uptime,level,tags
 #1: stderr all=off uptime,level,tags

Environment Variables:
PATH=C:\Program Files\Common Files\Oracle\Java\javapath;C:\Windows\system32;C:\Windows;C:\Windows\System32\Wbem;C:\Windows\System32\WindowsPowerShell\v1.0\;C:\Windows\System32\OpenSSH\;C:\Program Files\7-Zip;C:\Program Files (x86)\Pinnacle\Shared Files\;C:\Program Files\Microsoft SQL Server\130\Tools\Binn\;C:\Program Files\dotnet\;C:\Program Files\Microsoft SQL Server\Client SDK\ODBC\170\Tools\Binn\;C:\Program Files\Git\cmd;C:\Program Files (x86)\dotnet\;D:\OTCmatlab\Matlab912Win\MathLab\MATLAB\R2022a\runtime\win64;D:\OTCmatlab\Matlab912Win\MathLab\MATLAB\R2022a\bin;D:\Python (APP)\Scripts\;D:\Python (APP)\;C:\Users\Пользователь\AppData\Local\Microsoft\WindowsApps;C:\Users\Пользователь\.dotnet\tools;D:\Java1\IntelliJ IDEA Community Edition 2021.3.2\bin;;D:\PyCharm Professional\PyCharm Community Edition 2022.2.1\bin;;D:\PyCharm Professional\PyCharm 2022.2.1\bin;
USERNAME=Пользователь
OS=Windows_NT
PROCESSOR_IDENTIFIER=Intel64 Family 6 Model 140 Stepping 1, GenuineIntel



---------------  S Y S T E M  ---------------

OS:
 Windows 10 , 64 bit Build 18362 (10.0.18362.329)
OS uptime: 0 days 6:55 hours

CPU: total 8 (initial active 8) (4 cores per cpu, 2 threads per core) family 6 model 140 stepping 1 microcode 0x66, cx8, cmov, fxsr, ht, mmx, 3dnowpref, sse, sse2, sse3, ssse3, sse4.1, sse4.2, popcnt, lzcnt, tsc, tscinvbit, avx, avx2, aes, erms, clmul, bmi1, bmi2, adx, avx512f, avx512dq, avx512cd, avx512bw, avx512vl, sha, fma, vzeroupper, avx512_vpopcntdq, avx512_vpclmulqdq, avx512_vaes, avx512_vnni, clflush, clflushopt, clwb, avx512_vbmi2, avx512_vbmi

Memory: 4k page, system-wide physical 7834M (535M free)
TotalPageFile size 9882M (AvailPageFile size 14M)
current process WorkingSet (physical memory assigned to process): 155M, peak: 155M
current process commit charge ("private bytes"): 228M, peak: 242M

vm_info: Java HotSpot(TM) 64-Bit Server VM (17.0.2+8-LTS-86) for windows-amd64 JRE (17.0.2+8-LTS-86), built on Dec  7 2021 21:51:03 by "mach5one" with MS VC++ 16.8 / 16.9 (VS2019)

END.
